This is e-upTeX, Version 3.14159265-p3.8.3-u1.26-191112-2.6 (utf8.uptex) (TeX Live 2020) (preloaded format=uplatex 2020.4.19)  19 APR 2020 16:47
entering extended mode
 restricted \write18 enabled.
 %&-line parsing enabled.
**/root/work/sample.tex
(/root/work/sample.tex
pLaTeX2e <2020-04-12u03> (based on LaTeX2e <2020-02-02> patch level 5)
L3 programming layer <2020-04-06>)
*
! Emergency stop.
<*> ^^@root/work/sample.tex
                            
Here is how much of TeX's memory you used:
 17 strings out of 482593
 335 string characters out of 5952973
 234676 words of memory out of 5000000
 16053 multiletter control sequences out of 15000+600000
 534979 words of font info for 42 fonts, out of 8000000 for 9000
 14 hyphenation exceptions out of 8191
 13i,0n,15p,53b,10s stack positions out of 5000i,500n,10000p,200000b,80000s

No pages of output.
